[ 2013-05-04T23:59:38+08:00 ] / | INFO: Tag[ app_begin ] --START--
[ 2013-05-04T23:59:38+08:00 ] / | INFO: Run ReadHtmlCache Behavior [ RunTime:0.000274s ]
[ 2013-05-04T23:59:38+08:00 ] / | INFO: Tag[ app_begin ] --END-- [ RunTime:0.000389s ]
[ 2013-05-04T23:59:38+08:00 ] / | SQL: SHOW COLUMNS FROM `pp_setting` [ RunTime:0.002342s ]
[ 2013-05-04T23:59:38+08:00 ] / | SQL: SELECT `data` FROM `pp_setting` WHERE ( `name` = 'site_status' ) LIMIT 1   [ RunTime:0.000254s ]
[ 2013-05-04T23:59:38+08:00 ] / | SQL: SHOW COLUMNS FROM `pp_setting` [ RunTime:0.001100s ]
[ 2013-05-04T23:59:38+08:00 ] / | SQL: SHOW COLUMNS FROM `pp_like_list` [ RunTime:0.000897s ]
[ 2013-05-04T23:59:38+08:00 ] / | SQL: SHOW COLUMNS FROM `pp_user` [ RunTime:0.003679s ]
[ 2013-05-04T23:59:38+08:00 ] / | SQL: SHOW COLUMNS FROM `pp_items` [ RunTime:0.001623s ]
[ 2013-05-04T23:59:38+08:00 ] / | SQL: SHOW COLUMNS FROM `pp_items_cate` [ RunTime:0.001238s ]
[ 2013-05-04T23:59:38+08:00 ] / | SQL: SHOW COLUMNS FROM `pp_items_comments` [ RunTime:0.000791s ]
[ 2013-05-04T23:59:38+08:00 ] / | SQL: SHOW COLUMNS FROM `pp_user_openid` [ RunTime:0.001153s ]
[ 2013-05-04T23:59:38+08:00 ] / | SQL: SHOW COLUMNS FROM `pp_user_follow` [ RunTime:0.000922s ]
[ 2013-05-04T23:59:38+08:00 ] / | SQL: SHOW COLUMNS FROM `pp_user_comments` [ RunTime:0.001218s ]
[ 2013-05-04T23:59:38+08:00 ] / | SQL: SELECT * FROM `pp_setting`  [ RunTime:0.000318s ]
[ 2013-05-04T23:59:38+08:00 ] / | SQL: SHOW COLUMNS FROM `pp_nav` [ RunTime:0.001272s ]
[ 2013-05-04T23:59:38+08:00 ] / | SQL: SELECT * FROM `pp_nav` WHERE is_show=1 AND type=1 ORDER BY sort_order ASC  [ RunTime:0.000302s ]
[ 2013-05-04T23:59:38+08:00 ] / | SQL: SHOW COLUMNS FROM `pp_flink` [ RunTime:0.001646s ]
[ 2013-05-04T23:59:38+08:00 ] / | SQL: SELECT * FROM `pp_flink` WHERE status=1  [ RunTime:0.000196s ]
[ 2013-05-04T23:59:38+08:00 ] / | NOTIC: [8] Undefined index: user_id baseAction.class.php 第 97 行.
[ 2013-05-04T23:59:38+08:00 ] / | SQL: SELECT * FROM `pp_user` WHERE id= LIMIT 1   [ RunTime:0.000096s ]
[ 2013-05-04T23:59:38+08:00 ] / | NOTIC: [8] Undefined index: user_id baseAction.class.php 第 114 行.
[ 2013-05-04T23:59:38+08:00 ] / | SQL: SELECT COUNT(*) AS tp_count FROM `pp_user_follow` WHERE fans_id= and uid= LIMIT 1   [ RunTime:0.000088s ]
[ 2013-05-04T23:59:38+08:00 ] / | NOTIC: [8] Undefined index: user_id baseAction.class.php 第 118 行.
[ 2013-05-04T23:59:38+08:00 ] / | SQL: SHOW COLUMNS FROM `pp_items_cate` [ RunTime:0.001140s ]
[ 2013-05-04T23:59:38+08:00 ] / | SQL: SELECT * FROM `pp_items_cate` ORDER BY ordid DESC  [ RunTime:0.002112s ]
[ 2013-05-04T23:59:38+08:00 ] / | NOTIC: [8] Undefined index: user_id baseAction.class.php 第 201 行.
[ 2013-05-04T23:59:38+08:00 ] / | NOTIC: [8] Use of undefined constant __TMPL__ - assumed '__TMPL__' baseAction.class.php 第 205 行.
[ 2013-05-04T23:59:38+08:00 ] / | SQL: SHOW COLUMNS FROM `pp_focus` [ RunTime:0.001440s ]
[ 2013-05-04T23:59:38+08:00 ] / | SQL: SHOW COLUMNS FROM `pp_items_cate` [ RunTime:0.001091s ]
[ 2013-05-04T23:59:38+08:00 ] / | SQL: SHOW COLUMNS FROM `pp_items` [ RunTime:0.001172s ]
[ 2013-05-04T23:59:38+08:00 ] / | SQL: SELECT * FROM `pp_items_cate` WHERE pid=0 AND is_hots=1 and status=1  [ RunTime:0.000381s ]
[ 2013-05-04T23:59:38+08:00 ] / | SQL: SELECT * FROM `pp_items_cate` WHERE pid=1 and status=1 ORDER BY ordid DESC LIMIT 0,10   [ RunTime:0.000376s ]
[ 2013-05-04T23:59:38+08:00 ] / | SQL: SELECT * FROM `pp_items_cate` WHERE pid in(-1,7,8,9,10,11) AND is_hots=1 and status=1 ORDER BY ordid DESC LIMIT 0,10   [ RunTime:0.000377s ]
[ 2013-05-04T23:59:38+08:00 ] / | SQL: SELECT * FROM `pp_items_cate` WHERE pid in(-1,7,8,9,10,11) AND is_hots=1 and status=1 ORDER BY ordid DESC  [ RunTime:0.000480s ]
[ 2013-05-04T23:59:38+08:00 ] / | SQL: SELECT `id`,`title`,`img`,`simg` FROM `pp_items` WHERE status=1 and cid=38 ORDER BY is_index DESC,likes DESC LIMIT 0,9   [ RunTime:0.001140s ]
[ 2013-05-04T23:59:38+08:00 ] / | SQL: SELECT `id`,`title`,`img`,`simg` FROM `pp_items` WHERE status=1 and cid=37 ORDER BY is_index DESC,likes DESC LIMIT 0,9   [ RunTime:0.000237s ]
[ 2013-05-04T23:59:38+08:00 ] / | SQL: SELECT `id`,`title`,`img`,`simg` FROM `pp_items` WHERE status=1 and cid=39 ORDER BY is_index DESC,likes DESC LIMIT 0,9   [ RunTime:0.000188s ]
[ 2013-05-04T23:59:38+08:00 ] / | SQL: SELECT `id`,`title`,`img`,`simg` FROM `pp_items` WHERE status=1 and cid=40 ORDER BY is_index DESC,likes DESC LIMIT 0,9   [ RunTime:0.000165s ]
[ 2013-05-04T23:59:38+08:00 ] / | SQL: SELECT `id`,`title`,`img`,`simg` FROM `pp_items` WHERE status=1 and cid=41 ORDER BY is_index DESC,likes DESC LIMIT 0,9   [ RunTime:0.000188s ]
[ 2013-05-04T23:59:38+08:00 ] / | SQL: SELECT `id`,`title`,`img`,`simg` FROM `pp_items` WHERE status=1 and cid=42 ORDER BY is_index DESC,likes DESC LIMIT 0,9   [ RunTime:0.000176s ]
[ 2013-05-04T23:59:38+08:00 ] / | SQL: SELECT `id`,`title`,`img`,`simg` FROM `pp_items` WHERE status=1 and cid=43 ORDER BY is_index DESC,likes DESC LIMIT 0,9   [ RunTime:0.000182s ]
[ 2013-05-04T23:59:38+08:00 ] / | SQL: SELECT `id`,`title`,`img`,`simg` FROM `pp_items` WHERE status=1 and cid=44 ORDER BY is_index DESC,likes DESC LIMIT 0,9   [ RunTime:0.000184s ]
[ 2013-05-04T23:59:38+08:00 ] / | SQL: SELECT `id`,`title`,`img`,`simg` FROM `pp_items` WHERE status=1 and cid=64 ORDER BY is_index DESC,likes DESC LIMIT 0,9   [ RunTime:0.000223s ]
[ 2013-05-04T23:59:38+08:00 ] / | SQL: SELECT `id`,`title`,`img`,`simg` FROM `pp_items` WHERE status=1 and cid=65 ORDER BY is_index DESC,likes DESC LIMIT 0,9   [ RunTime:0.000184s ]
[ 2013-05-04T23:59:38+08:00 ] / | SQL: SELECT `id`,`title`,`img`,`simg` FROM `pp_items` WHERE status=1 and cid=66 ORDER BY is_index DESC,likes DESC LIMIT 0,9   [ RunTime:0.000173s ]
[ 2013-05-04T23:59:38+08:00 ] / | SQL: SELECT `id`,`title`,`img`,`simg` FROM `pp_items` WHERE status=1 and cid=67 ORDER BY is_index DESC,likes DESC LIMIT 0,9   [ RunTime:0.000174s ]
[ 2013-05-04T23:59:38+08:00 ] / | SQL: SELECT `id`,`title`,`img`,`simg` FROM `pp_items` WHERE status=1 and cid=68 ORDER BY is_index DESC,likes DESC LIMIT 0,9   [ RunTime:0.000169s ]
[ 2013-05-04T23:59:38+08:00 ] / | SQL: SELECT `id`,`title`,`img`,`simg` FROM `pp_items` WHERE status=1 and cid=69 ORDER BY is_index DESC,likes DESC LIMIT 0,9   [ RunTime:0.000172s ]
[ 2013-05-04T23:59:38+08:00 ] / | SQL: SELECT `id`,`title`,`img`,`simg` FROM `pp_items` WHERE status=1 and cid=70 ORDER BY is_index DESC,likes DESC LIMIT 0,9   [ RunTime:0.000178s ]
[ 2013-05-04T23:59:38+08:00 ] / | SQL: SELECT `id`,`title`,`img`,`simg` FROM `pp_items` WHERE status=1 and cid=71 ORDER BY is_index DESC,likes DESC LIMIT 0,9   [ RunTime:0.000166s ]
[ 2013-05-04T23:59:38+08:00 ] / | SQL: SELECT `id`,`title`,`img`,`simg` FROM `pp_items` WHERE status=1 and cid=72 ORDER BY is_index DESC,likes DESC LIMIT 0,9   [ RunTime:0.000163s ]
[ 2013-05-04T23:59:38+08:00 ] / | SQL: SELECT `id`,`title`,`img`,`simg` FROM `pp_items` WHERE status=1 and cid=73 ORDER BY is_index DESC,likes DESC LIMIT 0,9   [ RunTime:0.000174s ]
[ 2013-05-04T23:59:38+08:00 ] / | SQL: SHOW COLUMNS FROM `pp_article` [ RunTime:0.001164s ]
[ 2013-05-04T23:59:38+08:00 ] / | SQL: SELECT * FROM `pp_article` WHERE is_best=1 and status=1 ORDER BY add_time DESC LIMIT 1   [ RunTime:0.000305s ]
[ 2013-05-04T23:59:38+08:00 ] / | SQL: SELECT * FROM `pp_article` WHERE cate_id=9 and status=1 ORDER BY is_hot DESC,add_time DESC LIMIT 0,4   [ RunTime:0.000244s ]
[ 2013-05-04T23:59:38+08:00 ] / | SQL: SELECT * FROM `pp_focus` WHERE cate_id=1 and status=1 ORDER BY ordid DESC  [ RunTime:0.000184s ]
[ 2013-05-04T23:59:38+08:00 ] / | SQL: SHOW COLUMNS FROM `pp_items` [ RunTime:0.001304s ]
[ 2013-05-04T23:59:38+08:00 ] / | SQL: SHOW COLUMNS FROM `pp_user_comments` [ RunTime:0.001031s ]
[ 2013-05-04T23:59:38+08:00 ] / | SQL: SELECT * FROM `pp_items` ORDER BY sort_order DESC,last_time DESC LIMIT 0,5   [ RunTime:0.000582s ]
[ 2013-05-04T23:59:38+08:00 ] / | SQL: SHOW COLUMNS FROM `pp_items_cate` [ RunTime:0.001137s ]
[ 2013-05-04T23:59:38+08:00 ] / | SQL: SELECT * FROM `pp_items_cate` WHERE 1=1 AND id='38' LIMIT 1   [ RunTime:0.000192s ]
[ 2013-05-04T23:59:38+08:00 ] / | SQL: SHOW COLUMNS FROM `pp_items_site` [ RunTime:0.000962s ]
[ 2013-05-04T23:59:38+08:00 ] / | SQL: SELECT * FROM `pp_items_site` WHERE 1=1 AND id='1' LIMIT 1   [ RunTime:0.000171s ]
[ 2013-05-04T23:59:38+08:00 ] / | SQL: SHOW COLUMNS FROM `pp_items_tags` [ RunTime:0.000990s ]
[ 2013-05-04T23:59:38+08:00 ] / | NOTIC: [8] Undefined index: mapping_order RelationModel.class.php 第 197 行.
[ 2013-05-04T23:59:38+08:00 ] / | NOTIC: [8] Undefined index: mapping_limit RelationModel.class.php 第 198 行.
[ 2013-05-04T23:59:38+08:00 ] / | SQL: SELECT b.* FROM pp_items_tags_item AS a, pp_items_tags AS b WHERE a.tag_id = b.id AND a. item_id='226' [ RunTime:0.000280s ]
[ 2013-05-04T23:59:38+08:00 ] / | SQL: SHOW COLUMNS FROM `pp_user` [ RunTime:0.000976s ]
[ 2013-05-04T23:59:38+08:00 ] / | SQL: SELECT * FROM `pp_user` WHERE 1=1 AND id='0' LIMIT 1   [ RunTime:0.000161s ]
[ 2013-05-04T23:59:38+08:00 ] / | SQL: SHOW COLUMNS FROM `pp_items_cate` [ RunTime:0.000903s ]
[ 2013-05-04T23:59:38+08:00 ] / | SQL: SELECT * FROM `pp_items_cate` WHERE 1=1 AND id='38' LIMIT 1   [ RunTime:0.000207s ]
[ 2013-05-04T23:59:38+08:00 ] / | SQL: SHOW COLUMNS FROM `pp_items_site` [ RunTime:0.001230s ]
[ 2013-05-04T23:59:38+08:00 ] / | SQL: SELECT * FROM `pp_items_site` WHERE 1=1 AND id='1' LIMIT 1   [ RunTime:0.000295s ]
[ 2013-05-04T23:59:38+08:00 ] / | SQL: SHOW COLUMNS FROM `pp_items_tags` [ RunTime:0.001392s ]
[ 2013-05-04T23:59:38+08:00 ] / | NOTIC: [8] Undefined index: mapping_order RelationModel.class.php 第 197 行.
[ 2013-05-04T23:59:38+08:00 ] / | NOTIC: [8] Undefined index: mapping_limit RelationModel.class.php 第 198 行.
[ 2013-05-04T23:59:38+08:00 ] / | SQL: SELECT b.* FROM pp_items_tags_item AS a, pp_items_tags AS b WHERE a.tag_id = b.id AND a. item_id='227' [ RunTime:0.000287s ]
[ 2013-05-04T23:59:38+08:00 ] / | SQL: SHOW COLUMNS FROM `pp_user` [ RunTime:0.001072s ]
[ 2013-05-04T23:59:38+08:00 ] / | SQL: SELECT * FROM `pp_user` WHERE 1=1 AND id='0' LIMIT 1   [ RunTime:0.000242s ]
[ 2013-05-04T23:59:38+08:00 ] / | SQL: SHOW COLUMNS FROM `pp_items_cate` [ RunTime:0.001064s ]
[ 2013-05-04T23:59:38+08:00 ] / | SQL: SELECT * FROM `pp_items_cate` WHERE 1=1 AND id='38' LIMIT 1   [ RunTime:0.000173s ]
[ 2013-05-04T23:59:38+08:00 ] / | SQL: SHOW COLUMNS FROM `pp_items_site` [ RunTime:0.000965s ]
[ 2013-05-04T23:59:38+08:00 ] / | SQL: SELECT * FROM `pp_items_site` WHERE 1=1 AND id='1' LIMIT 1   [ RunTime:0.000149s ]
[ 2013-05-04T23:59:38+08:00 ] / | SQL: SHOW COLUMNS FROM `pp_items_tags` [ RunTime:0.000868s ]
[ 2013-05-04T23:59:38+08:00 ] / | NOTIC: [8] Undefined index: mapping_order RelationModel.class.php 第 197 行.
[ 2013-05-04T23:59:38+08:00 ] / | NOTIC: [8] Undefined index: mapping_limit RelationModel.class.php 第 198 行.
[ 2013-05-04T23:59:38+08:00 ] / | SQL: SELECT b.* FROM pp_items_tags_item AS a, pp_items_tags AS b WHERE a.tag_id = b.id AND a. item_id='228' [ RunTime:0.000318s ]
[ 2013-05-04T23:59:38+08:00 ] / | SQL: SHOW COLUMNS FROM `pp_user` [ RunTime:0.001172s ]
[ 2013-05-04T23:59:38+08:00 ] / | SQL: SELECT * FROM `pp_user` WHERE 1=1 AND id='0' LIMIT 1   [ RunTime:0.000228s ]
[ 2013-05-04T23:59:38+08:00 ] / | SQL: SHOW COLUMNS FROM `pp_items_cate` [ RunTime:0.001090s ]
[ 2013-05-04T23:59:38+08:00 ] / | SQL: SELECT * FROM `pp_items_cate` WHERE 1=1 AND id='38' LIMIT 1   [ RunTime:0.000182s ]
[ 2013-05-04T23:59:38+08:00 ] / | SQL: SHOW COLUMNS FROM `pp_items_site` [ RunTime:0.000928s ]
[ 2013-05-04T23:59:38+08:00 ] / | SQL: SELECT * FROM `pp_items_site` WHERE 1=1 AND id='1' LIMIT 1   [ RunTime:0.000192s ]
[ 2013-05-04T23:59:38+08:00 ] / | SQL: SHOW COLUMNS FROM `pp_items_tags` [ RunTime:0.001043s ]
[ 2013-05-04T23:59:38+08:00 ] / | NOTIC: [8] Undefined index: mapping_order RelationModel.class.php 第 197 行.
[ 2013-05-04T23:59:38+08:00 ] / | NOTIC: [8] Undefined index: mapping_limit RelationModel.class.php 第 198 行.
[ 2013-05-04T23:59:38+08:00 ] / | SQL: SELECT b.* FROM pp_items_tags_item AS a, pp_items_tags AS b WHERE a.tag_id = b.id AND a. item_id='229' [ RunTime:0.000308s ]
[ 2013-05-04T23:59:38+08:00 ] / | SQL: SHOW COLUMNS FROM `pp_user` [ RunTime:0.001070s ]
[ 2013-05-04T23:59:38+08:00 ] / | SQL: SELECT * FROM `pp_user` WHERE 1=1 AND id='0' LIMIT 1   [ RunTime:0.000185s ]
[ 2013-05-04T23:59:38+08:00 ] / | SQL: SHOW COLUMNS FROM `pp_items_cate` [ RunTime:0.001099s ]
[ 2013-05-04T23:59:38+08:00 ] / | SQL: SELECT * FROM `pp_items_cate` WHERE 1=1 AND id='38' LIMIT 1   [ RunTime:0.000251s ]
[ 2013-05-04T23:59:38+08:00 ] / | SQL: SHOW COLUMNS FROM `pp_items_site` [ RunTime:0.001057s ]
[ 2013-05-04T23:59:38+08:00 ] / | SQL: SELECT * FROM `pp_items_site` WHERE 1=1 AND id='1' LIMIT 1   [ RunTime:0.000235s ]
[ 2013-05-04T23:59:38+08:00 ] / | SQL: SHOW COLUMNS FROM `pp_items_tags` [ RunTime:0.016374s ]
[ 2013-05-04T23:59:38+08:00 ] / | NOTIC: [8] Undefined index: mapping_order RelationModel.class.php 第 197 行.
[ 2013-05-04T23:59:38+08:00 ] / | NOTIC: [8] Undefined index: mapping_limit RelationModel.class.php 第 198 行.
[ 2013-05-04T23:59:38+08:00 ] / | SQL: SELECT b.* FROM pp_items_tags_item AS a, pp_items_tags AS b WHERE a.tag_id = b.id AND a. item_id='230' [ RunTime:0.000351s ]
[ 2013-05-04T23:59:38+08:00 ] / | SQL: SHOW COLUMNS FROM `pp_user` [ RunTime:0.001105s ]
[ 2013-05-04T23:59:38+08:00 ] / | SQL: SELECT * FROM `pp_user` WHERE 1=1 AND id='0' LIMIT 1   [ RunTime:0.000176s ]
[ 2013-05-04T23:59:38+08:00 ] / | SQL: SELECT c.*,u.img,u.name,u.add_time from pp_user_comments as c 
                    LEFT join pp_user as u on c.uid=u.id 
                    WHERE c.pid=226 and c.type='item' and c.status='1'
                    ORDER BY c.add_time DESC LIMIT 0,3 [ RunTime:0.000177s ]
[ 2013-05-04T23:59:38+08:00 ] / | SQL: SELECT c.*,u.img,u.name,u.add_time from pp_user_comments as c 
                    LEFT join pp_user as u on c.uid=u.id 
                    WHERE c.pid=227 and c.type='item' and c.status='1'
                    ORDER BY c.add_time DESC LIMIT 0,3 [ RunTime:0.000161s ]
[ 2013-05-04T23:59:38+08:00 ] / | SQL: SELECT c.*,u.img,u.name,u.add_time from pp_user_comments as c 
                    LEFT join pp_user as u on c.uid=u.id 
                    WHERE c.pid=228 and c.type='item' and c.status='1'
                    ORDER BY c.add_time DESC LIMIT 0,3 [ RunTime:0.000166s ]
[ 2013-05-04T23:59:38+08:00 ] / | SQL: SELECT c.*,u.img,u.name,u.add_time from pp_user_comments as c 
                    LEFT join pp_user as u on c.uid=u.id 
                    WHERE c.pid=229 and c.type='item' and c.status='1'
                    ORDER BY c.add_time DESC LIMIT 0,3 [ RunTime:0.000158s ]
[ 2013-05-04T23:59:38+08:00 ] / | SQL: SELECT c.*,u.img,u.name,u.add_time from pp_user_comments as c 
                    LEFT join pp_user as u on c.uid=u.id 
                    WHERE c.pid=230 and c.type='item' and c.status='1'
                    ORDER BY c.add_time DESC LIMIT 0,3 [ RunTime:0.000163s ]
[ 2013-05-04T23:59:38+08:00 ] / | INFO: Tag[ view_template ] --START--
[ 2013-05-04T23:59:38+08:00 ] / | INFO: Run LocationTemplate Behavior [ RunTime:0.000252s ]
[ 2013-05-04T23:59:38+08:00 ] / | INFO: Tag[ view_template ] --END-- [ RunTime:0.000287s ]
[ 2013-05-04T23:59:38+08:00 ] / | INFO: Tag[ view_parse ] --START--
[ 2013-05-04T23:59:38+08:00 ] / | NOTIC: [8] Use of undefined constant index_album - assumed 'index_album' 4dc7a0fd19b459021f3e6e9027c093dd.php 第 131 行.
[ 2013-05-04T23:59:38+08:00 ] / | NOTIC: [8] Use of undefined constant index_pins - assumed 'index_pins' 4dc7a0fd19b459021f3e6e9027c093dd.php 第 159 行.
[ 2013-05-04T23:59:38+08:00 ] / | INFO: Run ParseTemplate Behavior [ RunTime:0.025878s ]
[ 2013-05-04T23:59:38+08:00 ] / | INFO: Tag[ view_parse ] --END-- [ RunTime:0.025923s ]
[ 2013-05-04T23:59:38+08:00 ] / | INFO: Tag[ view_filter ] --START--
[ 2013-05-04T23:59:38+08:00 ] / | INFO: Run ContentReplace Behavior [ RunTime:0.000596s ]
[ 2013-05-04T23:59:38+08:00 ] / | INFO: Run TokenBuild Behavior [ RunTime:0.000331s ]
[ 2013-05-04T23:59:38+08:00 ] / | INFO: Run WriteHtmlCache Behavior [ RunTime:0.000098s ]
[ 2013-05-04T23:59:38+08:00 ] / | INFO: Run ShowRuntime Behavior [ RunTime:0.000287s ]
[ 2013-05-04T23:59:38+08:00 ] / | INFO: Tag[ view_filter ] --END-- [ RunTime:0.001394s ]
[ 2013-05-04T23:59:38+08:00 ] / | INFO: Tag[ view_end ] --START--
[ 2013-05-04T23:59:38+08:00 ] / | INFO: Run ShowPageTrace Behavior [ RunTime:0.000204s ]
[ 2013-05-04T23:59:38+08:00 ] / | INFO: Tag[ view_end ] --END-- [ RunTime:0.000236s ]
